# JRE version: Java(TM) SE Runtime Environment (14.0.1+7) (build 14.0.1+7)
# Java VM: Java HotSpot(TM) 64-Bit Server VM (14.0.1+7, mixed mode, sharing, tiered, compressed oops, parallel gc, windows-amd64)
Heap:
 PSYoungGen      total 34816K, used 33454K [0x00000000eab00000, 0x00000000ed900000, 0x0000000100000000)
  eden space 33280K, 95% used [0x00000000eab00000,0x00000000eca2ff18,0x00000000ecb80000)
  from space 1536K, 98% used [0x00000000ed780000,0x00000000ed8fbb70,0x00000000ed900000)
  to   space 5120K, 0% used [0x00000000ecf00000,0x00000000ecf00000,0x00000000ed400000)
 ParOldGen       total 380416K, used 350552K [0x00000000c0000000, 0x00000000d7380000, 0x00000000eab00000)
  object space 380416K, 92% used [0x00000000c0000000,0x00000000d56561a8,0x00000000d7380000)
 Metaspace       used 67968K, capacity 71468K, committed 71552K, reserved 1112064K
  class space    used 7070K, capacity 8302K, committed 8320K, reserved 1048576K
GC Heap History (20 events):
Event: 433.504 GC heap before
{Heap before GC invocations=120 (full 9):
 PSYoungGen      total 50688K, used 50676K [0x00000000eab00000, 0x00000000ef380000, 0x0000000100000000)
  eden space 44032K, 100% used [0x00000000eab00000,0x00000000ed600000,0x00000000ed600000)
  from space 6656K, 99% used [0x00000000eed00000,0x00000000ef37d190,0x00000000ef380000)
  to   space 11264K, 0% used [0x00000000edd80000,0x00000000edd80000,0x00000000ee880000)
 ParOldGen       total 380416K, used 319064K [0x00000000c0000000, 0x00000000d7380000, 0x00000000eab00000)
  object space 380416K, 83% used [0x00000000c0000000,0x00000000d3796378,0x00000000d7380000)
 Metaspace       used 60868K, capacity 64101K, committed 64384K, reserved 1105920K
  class space    used 6555K, capacity 7763K, committed 7808K, reserved 1048576K
}
Event: 433.520 GC heap after
{Heap after GC invocations=120 (full 9):
 PSYoungGen      total 54784K, used 11260K [0x00000000eab00000, 0x00000000ef780000, 0x0000000100000000)
  eden space 43520K, 0% used [0x00000000eab00000,0x00000000eab00000,0x00000000ed580000)
  from space 11264K, 99% used [0x00000000edd80000,0x00000000ee87f1d0,0x00000000ee880000)
  to   space 15360K, 0% used [0x00000000ee880000,0x00000000ee880000,0x00000000ef780000)
 ParOldGen       total 380416K, used 323323K [0x00000000c0000000, 0x00000000d7380000, 0x00000000eab00000)
  object space 380416K, 84% used [0x00000000c0000000,0x00000000d3bbed78,0x00000000d7380000)
 Metaspace       used 60868K, capacity 64101K, committed 64384K, reserved 1105920K
  class space    used 6555K, capacity 7763K, committed 7808K, reserved 1048576K
}
Event: 435.458 GC heap before
{Heap before GC invocations=121 (full 9):
 PSYoungGen      total 54784K, used 54780K [0x00000000eab00000, 0x00000000ef780000, 0x0000000100000000)
  eden space 43520K, 100% used [0x00000000eab00000,0x00000000ed580000,0x00000000ed580000)
  from space 11264K, 99% used [0x00000000edd80000,0x00000000ee87f1d0,0x00000000ee880000)
  to   space 15360K, 0% used [0x00000000ee880000,0x00000000ee880000,0x00000000ef780000)
 ParOldGen       total 380416K, used 323323K [0x00000000c0000000, 0x00000000d7380000, 0x00000000eab00000)
  object space 380416K, 84% used [0x00000000c0000000,0x00000000d3bbed78,0x00000000d7380000)
 Metaspace       used 62038K, capacity 65281K, committed 65536K, reserved 1107968K
  class space    used 6625K, capacity 7813K, committed 7936K, reserved 1048576K
}
Event: 435.475 GC heap after
{Heap after GC invocations=121 (full 9):
 PSYoungGen      total 52736K, used 15353K [0x00000000eab00000, 0x00000000f0700000, 0x0000000100000000)
  eden space 37376K, 0% used [0x00000000eab00000,0x00000000eab00000,0x00000000ecf80000)
  from space 15360K, 99% used [0x00000000ee880000,0x00000000ef77e6b0,0x00000000ef780000)
  to   space 25600K, 0% used [0x00000000ecf80000,0x00000000ecf80000,0x00000000ee880000)
 ParOldGen       total 380416K, used 331654K [0x00000000c0000000, 0x00000000d7380000, 0x00000000eab00000)
  object space 380416K, 87% used [0x00000000c0000000,0x00000000d43e1a20,0x00000000d7380000)
 Metaspace       used 62038K, capacity 65281K, committed 65536K, reserved 1107968K
  class space    used 6625K, capacity 7813K, committed 7936K, reserved 1048576K
}
Event: 439.527 GC heap before
{Heap before GC invocations=122 (full 9):
 PSYoungGen      total 52736K, used 52729K [0x00000000eab00000, 0x00000000f0700000, 0x0000000100000000)
  eden space 37376K, 100% used [0x00000000eab00000,0x00000000ecf80000,0x00000000ecf80000)
  from space 15360K, 99% used [0x00000000ee880000,0x00000000ef77e6b0,0x00000000ef780000)
  to   space 25600K, 0% used [0x00000000ecf80000,0x00000000ecf80000,0x00000000ee880000)
 ParOldGen       total 380416K, used 331654K [0x00000000c0000000, 0x00000000d7380000, 0x00000000eab00000)
  object space 380416K, 87% used [0x00000000c0000000,0x00000000d43e1a20,0x00000000d7380000)
 Metaspace       used 62856K, capacity 66131K, committed 66304K, reserved 1107968K
  class space    used 6645K, capacity 7818K, committed 7936K, reserved 1048576K
}
Event: 439.542 GC heap after
{Heap after GC invocations=122 (full 9):
 PSYoungGen      total 49664K, used 12606K [0x00000000eab00000, 0x00000000ef000000, 0x0000000100000000)
  eden space 36864K, 0% used [0x00000000eab00000,0x00000000eab00000,0x00000000ecf00000)
  from space 12800K, 98% used [0x00000000ecf80000,0x00000000edbcf978,0x00000000edc00000)
  to   space 16896K, 0% used [0x00000000edf80000,0x00000000edf80000,0x00000000ef000000)
 ParOldGen       total 380416K, used 334650K [0x00000000c0000000, 0x00000000d7380000, 0x00000000eab00000)
  object space 380416K, 87% used [0x00000000c0000000,0x00000000d46ce9b0,0x00000000d7380000)
 Metaspace       used 62856K, capacity 66131K, committed 66304K, reserved 1107968K
  class space    used 6645K, capacity 7818K, committed 7936K, reserved 1048576K
}
Event: 456.909 GC heap before
{Heap before GC invocations=123 (full 9):
 PSYoungGen      total 49664K, used 49470K [0x00000000eab00000, 0x00000000ef000000, 0x0000000100000000)
  eden space 36864K, 100% used [0x00000000eab00000,0x00000000ecf00000,0x00000000ecf00000)
  from space 12800K, 98% used [0x00000000ecf80000,0x00000000edbcf978,0x00000000edc00000)
  to   space 16896K, 0% used [0x00000000edf80000,0x00000000edf80000,0x00000000ef000000)
 ParOldGen       total 380416K, used 334650K [0x00000000c0000000, 0x00000000d7380000, 0x00000000eab00000)
  object space 380416K, 87% used [0x00000000c0000000,0x00000000d46ce9b0,0x00000000d7380000)
 Metaspace       used 63335K, capacity 66635K, committed 66816K, reserved 1107968K
  class space    used 6649K, capacity 7850K, committed 7936K, reserved 1048576K
}
Event: 456.921 GC heap after
{Heap after GC invocations=123 (full 9):
 PSYoungGen      total 49152K, used 12444K [0x00000000eab00000, 0x00000000eec00000, 0x0000000100000000)
  eden space 36352K, 0% used [0x00000000eab00000,0x00000000eab00000,0x00000000ece80000)
  from space 12800K, 97% used [0x00000000edf80000,0x00000000eeba7058,0x00000000eec00000)
  to   space 13312K, 0% used [0x00000000ed200000,0x00000000ed200000,0x00000000edf00000)
 ParOldGen       total 380416K, used 334658K [0x00000000c0000000, 0x00000000d7380000, 0x00000000eab00000)
  object space 380416K, 87% used [0x00000000c0000000,0x00000000d46d09b0,0x00000000d7380000)
 Metaspace       used 63335K, capacity 66635K, committed 66816K, reserved 1107968K
  class space    used 6649K, capacity 7850K, committed 7936K, reserved 1048576K
}
Event: 512.518 GC heap before
{Heap before GC invocations=124 (full 9):
 PSYoungGen      total 49152K, used 48796K [0x00000000eab00000, 0x00000000eec00000, 0x0000000100000000)
  eden space 36352K, 100% used [0x00000000eab00000,0x00000000ece80000,0x00000000ece80000)
  from space 12800K, 97% used [0x00000000edf80000,0x00000000eeba7058,0x00000000eec00000)
  to   space 13312K, 0% used [0x00000000ed200000,0x00000000ed200000,0x00000000edf00000)
 ParOldGen       total 380416K, used 334658K [0x00000000c0000000, 0x00000000d7380000, 0x00000000eab00000)
  object space 380416K, 87% used [0x00000000c0000000,0x00000000d46d09b0,0x00000000d7380000)
 Metaspace       used 63399K, capacity 66700K, committed 66816K, reserved 1107968K
  class space    used 6649K, capacity 7850K, committed 7936K, reserved 1048576K
}
Event: 512.530 GC heap after
{Heap after GC invocations=124 (full 9):
 PSYoungGen      total 48128K, used 12222K [0x00000000eab00000, 0x00000000ee700000, 0x0000000100000000)
  eden space 35840K, 0% used [0x00000000eab00000,0x00000000eab00000,0x00000000ece00000)
  from space 12288K, 99% used [0x00000000ed200000,0x00000000eddefbf0,0x00000000ede00000)
  to   space 9216K, 0% used [0x00000000ede00000,0x00000000ede00000,0x00000000ee700000)
 ParOldGen       total 380416K, used 334658K [0x00000000c0000000, 0x00000000d7380000, 0x00000000eab00000)
  object space 380416K, 87% used [0x00000000c0000000,0x00000000d46d09b0,0x00000000d7380000)
 Metaspace       used 63399K, capacity 66700K, committed 66816K, reserved 1107968K
  class space    used 6649K, capacity 7850K, committed 7936K, reserved 1048576K
}
Event: 673.218 GC heap before
{Heap before GC invocations=125 (full 9):
 PSYoungGen      total 48128K, used 48062K [0x00000000eab00000, 0x00000000ee700000, 0x0000000100000000)
  eden space 35840K, 100% used [0x00000000eab00000,0x00000000ece00000,0x00000000ece00000)
  from space 12288K, 99% used [0x00000000ed200000,0x00000000eddefbf0,0x00000000ede00000)
  to   space 9216K, 0% used [0x00000000ede00000,0x00000000ede00000,0x00000000ee700000)
 ParOldGen       total 380416K, used 334658K [0x00000000c0000000, 0x00000000d7380000, 0x00000000eab00000)
  object space 380416K, 87% used [0x00000000c0000000,0x00000000d46d09b0,0x00000000d7380000)
 Metaspace       used 63787K, capacity 66990K, committed 67072K, reserved 1107968K
  class space    used 6659K, capacity 7857K, committed 7936K, reserved 1048576K
}
Event: 673.233 GC heap after
{Heap after GC invocations=125 (full 9):
 PSYoungGen      total 44544K, used 9200K [0x00000000eab00000, 0x00000000ee880000, 0x0000000100000000)
  eden space 35328K, 0% used [0x00000000eab00000,0x00000000eab00000,0x00000000ecd80000)
  from space 9216K, 99% used [0x00000000ede00000,0x00000000ee6fc050,0x00000000ee700000)
  to   space 13824K, 0% used [0x00000000ecd80000,0x00000000ecd80000,0x00000000edb00000)
 ParOldGen       total 380416K, used 338799K [0x00000000c0000000, 0x00000000d7380000, 0x00000000eab00000)
  object space 380416K, 89% used [0x00000000c0000000,0x00000000d4adbe10,0x00000000d7380000)
 Metaspace       used 63787K, capacity 66990K, committed 67072K, reserved 1107968K
  class space    used 6659K, capacity 7857K, committed 7936K, reserved 1048576K
}
Event: 680.362 GC heap before
{Heap before GC invocations=126 (full 9):
 PSYoungGen      total 44544K, used 44528K [0x00000000eab00000, 0x00000000ee880000, 0x0000000100000000)
  eden space 35328K, 100% used [0x00000000eab00000,0x00000000ecd80000,0x00000000ecd80000)
  from space 9216K, 99% used [0x00000000ede00000,0x00000000ee6fc050,0x00000000ee700000)
  to   space 13824K, 0% used [0x00000000ecd80000,0x00000000ecd80000,0x00000000edb00000)
 ParOldGen       total 380416K, used 338799K [0x00000000c0000000, 0x00000000d7380000, 0x00000000eab00000)
  object space 380416K, 89% used [0x00000000c0000000,0x00000000d4adbe10,0x00000000d7380000)
 Metaspace       used 64588K, capacity 67903K, committed 68096K, reserved 1110016K
  class space    used 6738K, capacity 7927K, committed 7936K, reserved 1048576K
}
Event: 680.378 GC heap after
{Heap after GC invocations=126 (full 9):
 PSYoungGen      total 36352K, used 1216K [0x00000000eab00000, 0x00000000ede80000, 0x0000000100000000)
  eden space 34816K, 0% used [0x00000000eab00000,0x00000000eab00000,0x00000000ecd00000)
  from space 1536K, 79% used [0x00000000ecd80000,0x00000000eceb0060,0x00000000ecf00000)
  to   space 6144K, 0% used [0x00000000ed880000,0x00000000ed880000,0x00000000ede80000)
 ParOldGen       total 380416K, used 347912K [0x00000000c0000000, 0x00000000d7380000, 0x00000000eab00000)
  object space 380416K, 91% used [0x00000000c0000000,0x00000000d53c21a8,0x00000000d7380000)
 Metaspace       used 64588K, capacity 67903K, committed 68096K, reserved 1110016K
  class space    used 6738K, capacity 7927K, committed 7936K, reserved 1048576K
}
Event: 723.110 GC heap before
{Heap before GC invocations=127 (full 9):
 PSYoungGen      total 36352K, used 36032K [0x00000000eab00000, 0x00000000ede80000, 0x0000000100000000)
  eden space 34816K, 100% used [0x00000000eab00000,0x00000000ecd00000,0x00000000ecd00000)
  from space 1536K, 79% used [0x00000000ecd80000,0x00000000eceb0060,0x00000000ecf00000)
  to   space 6144K, 0% used [0x00000000ed880000,0x00000000ed880000,0x00000000ede80000)
 ParOldGen       total 380416K, used 347912K [0x00000000c0000000, 0x00000000d7380000, 0x00000000eab00000)
  object space 380416K, 91% used [0x00000000c0000000,0x00000000d53c21a8,0x00000000d7380000)
 Metaspace       used 64882K, capacity 68169K, committed 68352K, reserved 1110016K
  class space    used 6742K, capacity 7928K, committed 7936K, reserved 1048576K
}
Event: 723.117 GC heap after
{Heap after GC invocations=127 (full 9):
 PSYoungGen      total 35328K, used 960K [0x00000000eab00000, 0x00000000ed980000, 0x0000000100000000)
  eden space 34304K, 0% used [0x00000000eab00000,0x00000000eab00000,0x00000000ecc80000)
  from space 1024K, 93% used [0x00000000ed880000,0x00000000ed970040,0x00000000ed980000)
  to   space 2048K, 0% used [0x00000000ed580000,0x00000000ed580000,0x00000000ed780000)
 ParOldGen       total 380416K, used 347920K [0x00000000c0000000, 0x00000000d7380000, 0x00000000eab00000)
  object space 380416K, 91% used [0x00000000c0000000,0x00000000d53c41a8,0x00000000d7380000)
 Metaspace       used 64882K, capacity 68169K, committed 68352K, reserved 1110016K
  class space    used 6742K, capacity 7928K, committed 7936K, reserved 1048576K
}
Event: 748.131 GC heap before
{Heap before GC invocations=128 (full 9):
 PSYoungGen      total 35328K, used 35264K [0x00000000eab00000, 0x00000000ed980000, 0x0000000100000000)
  eden space 34304K, 100% used [0x00000000eab00000,0x00000000ecc80000,0x00000000ecc80000)
  from space 1024K, 93% used [0x00000000ed880000,0x00000000ed970040,0x00000000ed980000)
  to   space 2048K, 0% used [0x00000000ed580000,0x00000000ed580000,0x00000000ed780000)
 ParOldGen       total 380416K, used 347920K [0x00000000c0000000, 0x00000000d7380000, 0x00000000eab00000)
  object space 380416K, 91% used [0x00000000c0000000,0x00000000d53c41a8,0x00000000d7380000)
 Metaspace       used 65762K, capacity 69177K, committed 69376K, reserved 1110016K
  class space    used 6844K, capacity 8070K, committed 8192K, reserved 1048576K
}
Event: 748.138 GC heap after
{Heap after GC invocations=128 (full 9):
 PSYoungGen      total 35840K, used 1120K [0x00000000eab00000, 0x00000000ed900000, 0x0000000100000000)
  eden space 33792K, 0% used [0x00000000eab00000,0x00000000eab00000,0x00000000ecc00000)
  from space 2048K, 54% used [0x00000000ed580000,0x00000000ed698040,0x00000000ed780000)
  to   space 1536K, 0% used [0x00000000ed780000,0x00000000ed780000,0x00000000ed900000)
 ParOldGen       total 380416K, used 347928K [0x00000000c0000000, 0x00000000d7380000, 0x00000000eab00000)
  object space 380416K, 91% used [0x00000000c0000000,0x00000000d53c61a8,0x00000000d7380000)
 Metaspace       used 65762K, capacity 69177K, committed 69376K, reserved 1110016K
  class space    used 6844K, capacity 8070K, committed 8192K, reserved 1048576K
}
Event: 769.787 GC heap before
{Heap before GC invocations=129 (full 9):
 PSYoungGen      total 35840K, used 34912K [0x00000000eab00000, 0x00000000ed900000, 0x0000000100000000)
  eden space 33792K, 100% used [0x00000000eab00000,0x00000000ecc00000,0x00000000ecc00000)
  from space 2048K, 54% used [0x00000000ed580000,0x00000000ed698040,0x00000000ed780000)
  to   space 1536K, 0% used [0x00000000ed780000,0x00000000ed780000,0x00000000ed900000)
 ParOldGen       total 380416K, used 347928K [0x00000000c0000000, 0x00000000d7380000, 0x00000000eab00000)
  object space 380416K, 91% used [0x00000000c0000000,0x00000000d53c61a8,0x00000000d7380000)
 Metaspace       used 65980K, capacity 69437K, committed 69632K, reserved 1110016K
  class space    used 6854K, capacity 8071K, committed 8192K, reserved 1048576K
}
Event: 769.797 GC heap after
{Heap after GC invocations=129 (full 9):
 PSYoungGen      total 34816K, used 1518K [0x00000000eab00000, 0x00000000ed900000, 0x0000000100000000)
  eden space 33280K, 0% used [0x00000000eab00000,0x00000000eab00000,0x00000000ecb80000)
  from space 1536K, 98% used [0x00000000ed780000,0x00000000ed8fbb70,0x00000000ed900000)
  to   space 5120K, 0% used [0x00000000ecf00000,0x00000000ecf00000,0x00000000ed400000)
 ParOldGen       total 380416K, used 350552K [0x00000000c0000000, 0x00000000d7380000, 0x00000000eab00000)
  object space 380416K, 92% used [0x00000000c0000000,0x00000000d56561a8,0x00000000d7380000)
 Metaspace       used 65980K, capacity 69437K, committed 69632K, reserved 1110016K
  class space    used 6854K, capacity 8071K, committed 8192K, reserved 1048576K
}

